<?xml version="1.0" encoding="windows-1252" standalone="no"?>
<!DOCTYPE log SYSTEM "logger.dtd">
<log>
<record>
  <date>2020-11-30T20:09:32</date>
  <millis>1606774172383</millis>
  <sequence>0</sequence>
  <logger>LogProjeto</logger>
  <level>INFO</level>
  <class>model.casosDeUsofachadas.CasoDeUsoDoiseNove</class>
  <method>fazerLogin</method>
  <thread>14</thread>
  <message>Selecionando tipo de autenticacao</message>
</record>
<record>
  <date>2020-11-30T20:09:32</date>
  <millis>1606774172384</millis>
  <sequence>1</sequence>
  <logger>LogProjeto</logger>
  <level>INFO</level>
  <class>model.casosDeUsofachadas.CasoDeUsoDoiseNove</class>
  <method>fazerLogin</method>
  <thread>14</thread>
  <message>Autenticando a conta de acoro com o tipo</message>
</record>
<record>
  <date>2020-11-30T20:09:32</date>
  <millis>1606774172574</millis>
  <sequence>2</sequence>
  <logger>LogProjeto</logger>
  <level>WARNING</level>
  <class>model.casosDeUsofachadas.CasoDeUsoDoiseNove</class>
  <method>fazerLogin</method>
  <thread>14</thread>
  <message>Conta autenticada com sucesso</message>
</record>
<record>
  <date>2020-11-30T20:09:50</date>
  <millis>1606774190990</millis>
  <sequence>3</sequence>
  <logger>LogProjeto</logger>
  <level>INFO</level>
  <class>model.casosDeUsofachadas.CasoDeUsoCinco</class>
  <method>criarProjeto</method>
  <thread>14</thread>
  <message>Verificando o membro que ira coordenar</message>
</record>
<record>
  <date>2020-11-30T20:09:51</date>
  <millis>1606774191014</millis>
  <sequence>4</sequence>
  <logger>LogProjeto</logger>
  <level>INFO</level>
  <class>model.casosDeUsofachadas.CasoDeUsoCinco</class>
  <method>criarProjeto</method>
  <thread>14</thread>
  <message>Preenchendo dados e participacaoo do membro que ira coordenar</message>
</record>
<record>
  <date>2020-11-30T20:09:51</date>
  <millis>1606774191085</millis>
  <sequence>5</sequence>
  <logger>LogProjeto</logger>
  <level>WARNING</level>
  <class>model.casosDeUsofachadas.CasoDeUsoCinco</class>
  <method>criarProjeto</method>
  <thread>14</thread>
  <message>Projeto criado</message>
</record>
